<?xml version="1.0" encoding="UTF-8" ?>
<testsuite failures="0" time="0.001" errors="0" skipped="0" tests="13" name="aima.test.core.unit.environment.cellworld.CellWorldTest">
  <properties>
[...]
</properties>
  <testcase time="0" classname="aima.test.core.unit.environment.cellworld.CellWorldTest" name="testMoveRightIntoRemovedCellLeavesPositionUnchanged"/>
  <testcase time="0" classname="aima.test.core.unit.environment.cellworld.CellWorldTest" name="testMoveDownIntoRemovedCellLeavesPositionUnchanged"/>
  <testcase time="0" classname="aima.test.core.unit.environment.cellworld.CellWorldTest" name="testMoveUpIntoRemovedCellLeavesPositionUnchanged"/>
  <testcase time="0" classname="aima.test.core.unit.environment.cellworld.CellWorldTest" name="testMoveLeftIntoWallLeavesPositionUnchanged"/>
  <testcase time="0" classname="aima.test.core.unit.environment.cellworld.CellWorldTest" name="testNumberOfCells"/>
  <testcase time="0" classname="aima.test.core.unit.environment.cellworld.CellWorldTest" name="testMoveRightIntoWallLeavesPositionUnchanged"/>
  <testcase time="0" classname="aima.test.core.unit.environment.cellworld.CellWorldTest" name="testMoveUpIntoWallLeavesPositionUnchanged"/>
  <testcase time="0" classname="aima.test.core.unit.environment.cellworld.CellWorldTest" name="testMoveLeftIntoRemovedCellLeavesPositionUnchanged"/>
  <testcase time="0" classname="aima.test.core.unit.environment.cellworld.CellWorldTest" name="testMoveLeftIntoAdjacentCellChangesPositionCorrectly"/>
  <testcase time="0" classname="aima.test.core.unit.environment.cellworld.CellWorldTest" name="testMoveRightIntoAdjacentCellChangesPositionCorrectly"/>
  <testcase time="0" classname="aima.test.core.unit.environment.cellworld.CellWorldTest" name="testMoveUpIntoAdjacentCellChangesPositionCorrectly"/>
  <testcase time="0" classname="aima.test.core.unit.environment.cellworld.CellWorldTest" name="testMoveDownIntoAdjacentCellChangesPositionCorrectly"/>
  <testcase time="0.001" classname="aima.test.core.unit.environment.cellworld.CellWorldTest" name="testMoveDownIntoWallLeavesPositionUnchanged"/>
</testsuite>